Arguments: 
  /usr/local/bin/node /usr/local/bin/yarn add node_modules

PATH: 
  /usr/local/lib/node_modules/npm/node_modules/npm-lifecycle/node-gyp-bin:/Users/asim/Desktop/notes-app/node_modules/.bin:/Library/Frameworks/Python.framework/Versions/3.8/bin:/usr/local/bin:/usr/bin:/bin:/usr/sbin:/sbin:/Users/asim/flutter/bin:/Users/asim/Library/Android/sdk:/Users/asim/Desktop/notes-app/node_modules/.bin

Yarn version: 
  1.16.0

Node version: 
  10.16.0

Platform: 
  darwin x64

Trace: 
  Error: https://registry.npmjs.org/node_modules: Not found
      at Request.params.callback [as _callback] (/usr/local/lib/node_modules/yarn/lib/cli.js:66091:18)
      at Request.self.callback (/usr/local/lib/node_modules/yarn/lib/cli.js:129590:22)
      at Request.emit (events.js:198:13)
      at Request.<anonymous> (/usr/local/lib/node_modules/yarn/lib/cli.js:130562:10)
      at Request.emit (events.js:198:13)
      at IncomingMessage.<anonymous> (/usr/local/lib/node_modules/yarn/lib/cli.js:130484:12)
      at Object.onceWrapper (events.js:286:20)
      at IncomingMessage.emit (events.js:203:15)
      at endReadableNT (_stream_readable.js:1129:12)
      at process._tickCallback (internal/process/next_tick.js:63:19)

npm manifest: 
  {
    "name": "notes-app",
    "version": "1.0.0",
    "description": "",
    "main": "index.js",
    "scripts": {
      "test": "echo \"Error: no test specified\" && exit 1",
      "start": "parcel index.html",
      "build": "parcel build index.html"
    },
    "author": "",
    "license": "ISC",
    "devDependencies": {
      "@svgr/parcel-plugin-svgr": "^5.3.0",
      "panic-overlay": "^1.0.42",
      "parcel-bundler": "^1.12.4",
      "prettier": "^2.0.1"
    },
    "dependencies": {
      "@chakra-ui/core": "^0.6.1",
      "@emotion/core": "^10.0.28",
      "@emotion/styled": "^10.0.27",
      "date-fns": "^2.11.0",
      "dot-prop-immutable": "^2.1.0",
      "draft-js": "^0.11.5",
      "emotion-theming": "^10.0.27",
      "rambda": "^5.0.0",
      "react": "^16.13.1",
      "react-datepicker": "^2.14.1",
      "react-dom": "^16.13.1",
      "react-router": "^5.1.2",
      "react-router-dom": "^5.1.2",
      "styletron-engine-atomic": "^1.4.6",
      "styletron-react": "^5.2.7",
      "uuid": "^7.0.2"
    }
  }

yarn manifest: 
  No manifest

Lockfile: 
  No lockfile
